This file contains any messages produced by compilers while
running configure, to aid debugging if configure makes a mistake.

It was created by mwget configure 0.1.0, which was
generated by GNU Autoconf 2.67.  Invocation command line was

  $ ./configure 

## --------- ##
## Platform. ##
## --------- ##

hostname = yq01-kg-baike.yq01.baidu.com
uname -m = x86_64
uname -r = 2.6.32_1-18-0-0
uname -s = Linux
uname -v = #1 SMP Fri Jan 29 18:37:55 CST 2016

/usr/bin/uname -p = unknown
/bin/uname -X     = unknown

/bin/arch              = x86_64
/usr/bin/arch -k       = unknown
/usr/convex/getsysinfo = unknown
/usr/bin/hostinfo      = unknown
/bin/machine           = unknown
/usr/bin/oslevel       = unknown
/bin/universe          = unknown

PATH: /usr/kerberos/sbin
PATH: /usr/kerberos/bin
PATH: /usr/local/sbin
PATH: /usr/local/bin
PATH: /sbin
PATH: /bin
PATH: /usr/sbin
PATH: /usr/bin
PATH: /usr/X11R6/bin
PATH: /opt/bin
PATH: /home/opt/bin
PATH: /root/bin


## ----------- ##
## Core tests. ##
## ----------- ##

configure:2790: checking for a BSD-compatible install
configure:2858: result: /usr/bin/install -c
configure:2869: checking whether build environment is sane
configure:2919: result: yes
configure:3060: checking for a thread-safe mkdir -p
configure:3099: result: /bin/mkdir -p
configure:3112: checking for gawk
configure:3128: found /bin/gawk
configure:3139: result: gawk
configure:3150: checking whether make sets $(MAKE)
configure:3172: result: yes
configure:3253: checking whether to enable maintainer-specific portions of Makefiles
configure:3262: result: no
configure:3337: checking for g++
configure:3353: found /usr/bin/g++
configure:3364: result: g++
configure:3391: checking for C++ compiler version
configure:3400: g++ --version >&5
g++ (GCC) 3.4.5 20051201 (Red Hat 3.4.5-2)
Copyright (C) 2004 Free Software Foundation, Inc.
This is free software; see the source for copying conditions.  There is NO
warranty; not even for MERCHANTABILITY or FITNESS FOR A PARTICULAR PURPOSE.

configure:3411: $? = 0
configure:3400: g++ -v >&5
Reading specs from /usr/lib/gcc/x86_64-redhat-linux/3.4.5/specs
Configured with: ../configure --prefix=/usr --mandir=/usr/share/man --infodir=/usr/share/info --enable-shared --enable-threads=posix --disable-checking --with-system-zlib --enable-__cxa_atexit --disable-libunwind-exceptions --enable-java-awt=gtk --host=x86_64-redhat-linux
Thread model: posix
gcc version 3.4.5 20051201 (Red Hat 3.4.5-2)
configure:3411: $? = 0
configure:3400: g++ -V >&5
g++: `-V' option must have argument
configure:3411: $? = 1
configure:3400: g++ -qversion >&5
g++: unrecognized option `-qversion'
g++: no input files
configure:3411: $? = 1
configure:3431: checking whether the C++ compiler works
configure:3453: g++    conftest.cpp  >&5
configure:3457: $? = 0
configure:3505: result: yes
configure:3508: checking for C++ compiler default output file name
configure:3510: result: a.out
configure:3516: checking for suffix of executables
configure:3523: g++ -o conftest    conftest.cpp  >&5
configure:3527: $? = 0
configure:3549: result: 
configure:3571: checking whether we are cross compiling
configure:3579: g++ -o conftest    conftest.cpp  >&5
configure:3583: $? = 0
configure:3590: ./conftest
configure:3594: $? = 0
configure:3609: result: no
configure:3614: checking for suffix of object files
configure:3636: g++ -c   conftest.cpp >&5
configure:3640: $? = 0
configure:3661: result: o
configure:3665: checking whether we are using the GNU C++ compiler
configure:3684: g++ -c   conftest.cpp >&5
configure:3684: $? = 0
configure:3693: result: yes
configure:3702: checking whether g++ accepts -g
configure:3722: g++ -c -g  conftest.cpp >&5
configure:3722: $? = 0
configure:3763: result: yes
configure:3797: checking for style of include used by make
configure:3825: result: GNU
configure:3850: checking dependency style of g++
configure:3960: result: gcc3
configure:4023: checking for gcc
configure:4039: found /usr/bin/gcc
configure:4050: result: gcc
configure:4279: checking for C compiler version
configure:4288: gcc --version >&5
gcc (GCC) 3.4.5 20051201 (Red Hat 3.4.5-2)
Copyright (C) 2004 Free Software Foundation, Inc.
This is free software; see the source for copying conditions.  There is NO
warranty; not even for MERCHANTABILITY or FITNESS FOR A PARTICULAR PURPOSE.

configure:4299: $? = 0
configure:4288: gcc -v >&5
Reading specs from /usr/lib/gcc/x86_64-redhat-linux/3.4.5/specs
Configured with: ../configure --prefix=/usr --mandir=/usr/share/man --infodir=/usr/share/info --enable-shared --enable-threads=posix --disable-checking --with-system-zlib --enable-__cxa_atexit --disable-libunwind-exceptions --enable-java-awt=gtk --host=x86_64-redhat-linux
Thread model: posix
gcc version 3.4.5 20051201 (Red Hat 3.4.5-2)
configure:4299: $? = 0
configure:4288: gcc -V >&5
gcc: `-V' option must have argument
configure:4299: $? = 1
configure:4288: gcc -qversion >&5
gcc: unrecognized option `-qversion'
gcc: no input files
configure:4299: $? = 1
configure:4303: checking whether we are using the GNU C compiler
configure:4322: gcc -c   conftest.c >&5
configure:4322: $? = 0
configure:4331: result: yes
configure:4340: checking whether gcc accepts -g
configure:4360: gcc -c -g  conftest.c >&5
configure:4360: $? = 0
configure:4401: result: yes
configure:4418: checking for gcc option to accept ISO C89
configure:4482: gcc  -c -g -O2  conftest.c >&5
configure:4482: $? = 0
configure:4495: result: none needed
configure:4517: checking dependency style of gcc
configure:4627: result: gcc3
configure:4647: checking how to run the C preprocessor
configure:4678: gcc -E  conftest.c
configure:4678: $? = 0
configure:4692: gcc -E  conftest.c
conftest.c:11:28: ac_nonexistent.h: No such file or directory
configure:4692: $? = 1
configure: failed program was:
| /* confdefs.h */
| #define PACKAGE_NAME "mwget"
| #define PACKAGE_TARNAME "mwget"
| #define PACKAGE_VERSION "0.1.0"
| #define PACKAGE_STRING "mwget 0.1.0"
| #define PACKAGE_BUGREPORT "sa@kmlinux.tk"
| #define PACKAGE_URL ""
| #define PACKAGE "mwget"
| #define VERSION "0.1.0"
| /* end confdefs.h.  */
| #include <ac_nonexistent.h>
configure:4717: result: gcc -E
configure:4737: gcc -E  conftest.c
configure:4737: $? = 0
configure:4751: gcc -E  conftest.c
conftest.c:11:28: ac_nonexistent.h: No such file or directory
configure:4751: $? = 1
configure: failed program was:
| /* confdefs.h */
| #define PACKAGE_NAME "mwget"
| #define PACKAGE_TARNAME "mwget"
| #define PACKAGE_VERSION "0.1.0"
| #define PACKAGE_STRING "mwget 0.1.0"
| #define PACKAGE_BUGREPORT "sa@kmlinux.tk"
| #define PACKAGE_URL ""
| #define PACKAGE "mwget"
| #define VERSION "0.1.0"
| /* end confdefs.h.  */
| #include <ac_nonexistent.h>
configure:4780: checking whether ln -s works
configure:4784: result: yes
configure:4791: checking whether make sets $(MAKE)
configure:4813: result: yes
configure:4865: checking for ranlib
configure:4881: found /usr/bin/ranlib
configure:4892: result: ranlib
configure:4924: checking for special C compiler options needed for large files
configure:4969: result: no
configure:4975: checking for _FILE_OFFSET_BITS value needed for large files
configure:5000: gcc -c -g -O2  conftest.c >&5
configure:5000: $? = 0
configure:5032: result: no
configure:5116: checking for grep that handles long lines and -e
configure:5174: result: /bin/grep
configure:5179: checking for egrep
configure:5241: result: /bin/grep -E
configure:5246: checking for ANSI C header files
configure:5266: gcc -c -g -O2  conftest.c >&5
configure:5266: $? = 0
configure:5339: gcc -o conftest -g -O2   conftest.c  >&5
configure:5339: $? = 0
configure:5339: ./conftest
configure:5339: $? = 0
configure:5350: result: yes
configure:5363: checking for sys/types.h
configure:5363: gcc -c -g -O2  conftest.c >&5
configure:5363: $? = 0
configure:5363: result: yes
configure:5363: checking for sys/stat.h
configure:5363: gcc -c -g -O2  conftest.c >&5
configure:5363: $? = 0
configure:5363: result: yes
configure:5363: checking for stdlib.h
configure:5363: gcc -c -g -O2  conftest.c >&5
configure:5363: $? = 0
configure:5363: result: yes
configure:5363: checking for string.h
configure:5363: gcc -c -g -O2  conftest.c >&5
configure:5363: $? = 0
configure:5363: result: yes
configure:5363: checking for memory.h
configure:5363: gcc -c -g -O2  conftest.c >&5
configure:5363: $? = 0
configure:5363: result: yes
configure:5363: checking for strings.h
configure:5363: gcc -c -g -O2  conftest.c >&5
configure:5363: $? = 0
configure:5363: result: yes
configure:5363: checking for inttypes.h
configure:5363: gcc -c -g -O2  conftest.c >&5
configure:5363: $? = 0
configure:5363: result: yes
configure:5363: checking for stdint.h
configure:5363: gcc -c -g -O2  conftest.c >&5
configure:5363: $? = 0
configure:5363: result: yes
configure:5363: checking for unistd.h
configure:5363: gcc -c -g -O2  conftest.c >&5
configure:5363: $? = 0
configure:5363: result: yes
configure:5379: checking size of off_t
configure:5384: gcc -o conftest -g -O2   conftest.c  >&5
configure:5384: $? = 0
configure:5384: ./conftest
configure:5384: $? = 0
configure:5398: result: 8
configure:5412: checking for pthread_create in -lpthread
configure:5437: gcc -o conftest -g -O2   conftest.c -lpthread   >&5
configure:5437: $? = 0
configure:5446: result: yes
configure:5513: checking for pkg-config
configure:5531: found /usr/bin/pkg-config
configure:5543: result: /usr/bin/pkg-config
configure:5568: checking pkg-config is at least version 0.9.0
configure:5571: result: yes
configure:5581: checking for OPENSSL
configure:5588: $PKG_CONFIG --exists --print-errors "openssl"
configure:5591: $? = 0
configure:5604: $PKG_CONFIG --exists --print-errors "openssl"
configure:5607: $? = 0
configure:5664: result: yes
configure:5674: checking for ANSI C header files
configure:5778: result: yes
configure:5789: checking arpa/inet.h usability
configure:5789: gcc -c -g -O2  conftest.c >&5
configure:5789: $? = 0
configure:5789: result: yes
configure:5789: checking arpa/inet.h presence
configure:5789: gcc -E  conftest.c
configure:5789: $? = 0
configure:5789: result: yes
configure:5789: checking for arpa/inet.h
configure:5789: result: yes
configure:5789: checking fcntl.h usability
configure:5789: gcc -c -g -O2  conftest.c >&5
configure:5789: $? = 0
configure:5789: result: yes
configure:5789: checking fcntl.h presence
configure:5789: gcc -E  conftest.c
configure:5789: $? = 0
configure:5789: result: yes
configure:5789: checking for fcntl.h
configure:5789: result: yes
configure:5789: checking netdb.h usability
configure:5789: gcc -c -g -O2  conftest.c >&5
configure:5789: $? = 0
configure:5789: result: yes
configure:5789: checking netdb.h presence
configure:5789: gcc -E  conftest.c
configure:5789: $? = 0
configure:5789: result: yes
configure:5789: checking for netdb.h
configure:5789: result: yes
configure:5789: checking for stdlib.h
configure:5789: result: yes
configure:5789: checking for strings.h
configure:5789: result: yes
configure:5789: checking sys/ioctl.h usability
configure:5789: gcc -c -g -O2  conftest.c >&5
configure:5789: $? = 0
configure:5789: result: yes
configure:5789: checking sys/ioctl.h presence
configure:5789: gcc -E  conftest.c
configure:5789: $? = 0
configure:5789: result: yes
configure:5789: checking for sys/ioctl.h
configure:5789: result: yes
configure:5789: checking sys/socket.h usability
configure:5789: gcc -c -g -O2  conftest.c >&5
configure:5789: $? = 0
configure:5789: result: yes
configure:5789: checking sys/socket.h presence
configure:5789: gcc -E  conftest.c
configure:5789: $? = 0
configure:5789: result: yes
configure:5789: checking for sys/socket.h
configure:5789: result: yes
configure:5789: checking sys/time.h usability
configure:5789: gcc -c -g -O2  conftest.c >&5
configure:5789: $? = 0
configure:5789: result: yes
configure:5789: checking sys/time.h presence
configure:5789: gcc -E  conftest.c
configure:5789: $? = 0
configure:5789: result: yes
configure:5789: checking for sys/time.h
configure:5789: result: yes
configure:5789: checking termios.h usability
configure:5789: gcc -c -g -O2  conftest.c >&5
configure:5789: $? = 0
configure:5789: result: yes
configure:5789: checking termios.h presence
configure:5789: gcc -E  conftest.c
configure:5789: $? = 0
configure:5789: result: yes
configure:5789: checking for termios.h
configure:5789: result: yes
configure:5789: checking for unistd.h
configure:5789: result: yes
configure:5801: checking for stdbool.h that conforms to C99
configure:5886: gcc -c -g -O2  conftest.c >&5
configure:5886: $? = 0
configure:5893: result: yes
configure:5895: checking for _Bool
configure:5895: gcc -c -g -O2  conftest.c >&5
configure:5895: $? = 0
configure:5895: gcc -c -g -O2  conftest.c >&5
conftest.c: In function `main':
conftest.c:71: error: syntax error before ')' token
configure:5895: $? = 1
configure: failed program was:
| /* confdefs.h */
| #define PACKAGE_NAME "mwget"
| #define PACKAGE_TARNAME "mwget"
| #define PACKAGE_VERSION "0.1.0"
| #define PACKAGE_STRING "mwget 0.1.0"
| #define PACKAGE_BUGREPORT "sa@kmlinux.tk"
| #define PACKAGE_URL ""
| #define PACKAGE "mwget"
| #define VERSION "0.1.0"
| #define STDC_HEADERS 1
| #define HAVE_SYS_TYPES_H 1
| #define HAVE_SYS_STAT_H 1
| #define HAVE_STDLIB_H 1
| #define HAVE_STRING_H 1
| #define HAVE_MEMORY_H 1
| #define HAVE_STRINGS_H 1
| #define HAVE_INTTYPES_H 1
| #define HAVE_STDINT_H 1
| #define HAVE_UNISTD_H 1
| #define SIZEOF_OFF_T 8
| #define HAVE_LIBPTHREAD 1
| #define HAVE_SSL /**/
| #define STDC_HEADERS 1
| #define HAVE_ARPA_INET_H 1
| #define HAVE_FCNTL_H 1
| #define HAVE_NETDB_H 1
| #define HAVE_STDLIB_H 1
| #define HAVE_STRINGS_H 1
| #define HAVE_SYS_IOCTL_H 1
| #define HAVE_SYS_SOCKET_H 1
| #define HAVE_SYS_TIME_H 1
| #define HAVE_TERMIOS_H 1
| #define HAVE_UNISTD_H 1
| /* end confdefs.h.  */
| #include <stdio.h>
| #ifdef HAVE_SYS_TYPES_H
| # include <sys/types.h>
| #endif
| #ifdef HAVE_SYS_STAT_H
| # include <sys/stat.h>
| #endif
| #ifdef STDC_HEADERS
| # include <stdlib.h>
| # include <stddef.h>
| #else
| # ifdef HAVE_STDLIB_H
| #  include <stdlib.h>
| # endif
| #endif
| #ifdef HAVE_STRING_H
| # if !defined STDC_HEADERS && defined HAVE_MEMORY_H
| #  include <memory.h>
| # endif
| # include <string.h>
| #endif
| #ifdef HAVE_STRINGS_H
| # include <strings.h>
| #endif
| #ifdef HAVE_INTTYPES_H
| # include <inttypes.h>
| #endif
| #ifdef HAVE_STDINT_H
| # include <stdint.h>
| #endif
| #ifdef HAVE_UNISTD_H
| # include <unistd.h>
| #endif
| int
| main ()
| {
| if (sizeof ((_Bool)))
| 	    return 0;
|   ;
|   return 0;
| }
configure:5895: result: yes
configure:5911: checking for an ANSI C-conforming const
configure:5976: gcc -c -g -O2  conftest.c >&5
configure:5976: $? = 0
configure:5983: result: yes
configure:5991: checking for mode_t
configure:5991: gcc -c -g -O2  conftest.c >&5
configure:5991: $? = 0
configure:5991: gcc -c -g -O2  conftest.c >&5
conftest.c: In function `main':
conftest.c:73: error: syntax error before ')' token
configure:5991: $? = 1
configure: failed program was:
| /* confdefs.h */
| #define PACKAGE_NAME "mwget"
| #define PACKAGE_TARNAME "mwget"
| #define PACKAGE_VERSION "0.1.0"
| #define PACKAGE_STRING "mwget 0.1.0"
| #define PACKAGE_BUGREPORT "sa@kmlinux.tk"
| #define PACKAGE_URL ""
| #define PACKAGE "mwget"
| #define VERSION "0.1.0"
| #define STDC_HEADERS 1
| #define HAVE_SYS_TYPES_H 1
| #define HAVE_SYS_STAT_H 1
| #define HAVE_STDLIB_H 1
| #define HAVE_STRING_H 1
| #define HAVE_MEMORY_H 1
| #define HAVE_STRINGS_H 1
| #define HAVE_INTTYPES_H 1
| #define HAVE_STDINT_H 1
| #define HAVE_UNISTD_H 1
| #define SIZEOF_OFF_T 8
| #define HAVE_LIBPTHREAD 1
| #define HAVE_SSL /**/
| #define STDC_HEADERS 1
| #define HAVE_ARPA_INET_H 1
| #define HAVE_FCNTL_H 1
| #define HAVE_NETDB_H 1
| #define HAVE_STDLIB_H 1
| #define HAVE_STRINGS_H 1
| #define HAVE_SYS_IOCTL_H 1
| #define HAVE_SYS_SOCKET_H 1
| #define HAVE_SYS_TIME_H 1
| #define HAVE_TERMIOS_H 1
| #define HAVE_UNISTD_H 1
| #define HAVE__BOOL 1
| #define HAVE_STDBOOL_H 1
| /* end confdefs.h.  */
| #include <stdio.h>
| #ifdef HAVE_SYS_TYPES_H
| # include <sys/types.h>
| #endif
| #ifdef HAVE_SYS_STAT_H
| # include <sys/stat.h>
| #endif
| #ifdef STDC_HEADERS
| # include <stdlib.h>
| # include <stddef.h>
| #else
| # ifdef HAVE_STDLIB_H
| #  include <stdlib.h>
| # endif
| #endif
| #ifdef HAVE_STRING_H
| # if !defined STDC_HEADERS && defined HAVE_MEMORY_H
| #  include <memory.h>
| # endif
| # include <string.h>
| #endif
| #ifdef HAVE_STRINGS_H
| # include <strings.h>
| #endif
| #ifdef HAVE_INTTYPES_H
| # include <inttypes.h>
| #endif
| #ifdef HAVE_STDINT_H
| # include <stdint.h>
| #endif
| #ifdef HAVE_UNISTD_H
| # include <unistd.h>
| #endif
| int
| main ()
| {
| if (sizeof ((mode_t)))
| 	    return 0;
|   ;
|   return 0;
| }
configure:5991: result: yes
configure:6002: checking for off_t
configure:6002: gcc -c -g -O2  conftest.c >&5
configure:6002: $? = 0
configure:6002: gcc -c -g -O2  conftest.c >&5
conftest.c: In function `main':
conftest.c:73: error: syntax error before ')' token
configure:6002: $? = 1
configure: failed program was:
| /* confdefs.h */
| #define PACKAGE_NAME "mwget"
| #define PACKAGE_TARNAME "mwget"
| #define PACKAGE_VERSION "0.1.0"
| #define PACKAGE_STRING "mwget 0.1.0"
| #define PACKAGE_BUGREPORT "sa@kmlinux.tk"
| #define PACKAGE_URL ""
| #define PACKAGE "mwget"
| #define VERSION "0.1.0"
| #define STDC_HEADERS 1
| #define HAVE_SYS_TYPES_H 1
| #define HAVE_SYS_STAT_H 1
| #define HAVE_STDLIB_H 1
| #define HAVE_STRING_H 1
| #define HAVE_MEMORY_H 1
| #define HAVE_STRINGS_H 1
| #define HAVE_INTTYPES_H 1
| #define HAVE_STDINT_H 1
| #define HAVE_UNISTD_H 1
| #define SIZEOF_OFF_T 8
| #define HAVE_LIBPTHREAD 1
| #define HAVE_SSL /**/
| #define STDC_HEADERS 1
| #define HAVE_ARPA_INET_H 1
| #define HAVE_FCNTL_H 1
| #define HAVE_NETDB_H 1
| #define HAVE_STDLIB_H 1
| #define HAVE_STRINGS_H 1
| #define HAVE_SYS_IOCTL_H 1
| #define HAVE_SYS_SOCKET_H 1
| #define HAVE_SYS_TIME_H 1
| #define HAVE_TERMIOS_H 1
| #define HAVE_UNISTD_H 1
| #define HAVE__BOOL 1
| #define HAVE_STDBOOL_H 1
| /* end confdefs.h.  */
| #include <stdio.h>
| #ifdef HAVE_SYS_TYPES_H
| # include <sys/types.h>
| #endif
| #ifdef HAVE_SYS_STAT_H
| # include <sys/stat.h>
| #endif
| #ifdef STDC_HEADERS
| # include <stdlib.h>
| # include <stddef.h>
| #else
| # ifdef HAVE_STDLIB_H
| #  include <stdlib.h>
| # endif
| #endif
| #ifdef HAVE_STRING_H
| # if !defined STDC_HEADERS && defined HAVE_MEMORY_H
| #  include <memory.h>
| # endif
| # include <string.h>
| #endif
| #ifdef HAVE_STRINGS_H
| # include <strings.h>
| #endif
| #ifdef HAVE_INTTYPES_H
| # include <inttypes.h>
| #endif
| #ifdef HAVE_STDINT_H
| # include <stdint.h>
| #endif
| #ifdef HAVE_UNISTD_H
| # include <unistd.h>
| #endif
| int
| main ()
| {
| if (sizeof ((off_t)))
| 	    return 0;
|   ;
|   return 0;
| }
configure:6002: result: yes
configure:6013: checking whether time.h and sys/time.h may both be included
configure:6033: gcc -c -g -O2  conftest.c >&5
configure:6033: $? = 0
configure:6040: result: yes
configure:6048: checking whether struct tm is in sys/time.h or time.h
configure:6068: gcc -c -g -O2  conftest.c >&5
configure:6068: $? = 0
configure:6075: result: time.h
configure:6094: checking locale.h usability
configure:6094: gcc -c -g -O2  conftest.c >&5
configure:6094: $? = 0
configure:6094: result: yes
configure:6094: checking locale.h presence
configure:6094: gcc -E  conftest.c
configure:6094: $? = 0
configure:6094: result: yes
configure:6094: checking for locale.h
configure:6094: result: yes
configure:6105: checking for LC_MESSAGES
configure:6121: gcc -o conftest -g -O2   conftest.c -lpthread  >&5
configure:6121: $? = 0
configure:6129: result: yes
configure:6146: checking libintl.h usability
configure:6146: gcc -c -g -O2  conftest.c >&5
configure:6146: $? = 0
configure:6146: result: yes
configure:6146: checking libintl.h presence
configure:6146: gcc -E  conftest.c
configure:6146: $? = 0
configure:6146: result: yes
configure:6146: checking for libintl.h
configure:6146: result: yes
configure:6154: checking for ngettext in libc
configure:6172: gcc -o conftest -g -O2   conftest.c -lpthread  >&5
configure:6172: $? = 0
configure:6181: result: yes
configure:6185: checking for dgettext in libc
configure:6203: gcc -o conftest -g -O2   conftest.c -lpthread  >&5
configure:6203: $? = 0
configure:6212: result: yes
configure:6219: checking for bind_textdomain_codeset
configure:6219: gcc -o conftest -g -O2   conftest.c -lpthread  >&5
configure:6219: $? = 0
configure:6219: result: yes
configure:6495: checking for msgfmt
configure:6522: result: /usr/bin/msgfmt
configure:6533: checking for dcgettext
configure:6533: gcc -o conftest -g -O2   conftest.c -lpthread   >&5
conftest.c:66: warning: conflicting types for built-in function 'dcgettext'
configure:6533: $? = 0
configure:6533: result: yes
configure:6543: checking if msgfmt accepts -c
configure:6558: $MSGFMT -c -o /dev/null conftest.foo
configure:6561: $? = 0
configure:6563: result: yes
configure:6573: checking for gmsgfmt
configure:6604: result: /usr/bin/msgfmt
configure:6614: checking for xgettext
configure:6641: result: /usr/bin/xgettext
configure:6660: gcc -o conftest -g -O2   conftest.c -lpthread   >&5
configure:6660: $? = 0
configure:6796: checking whether NLS is requested
configure:6805: result: yes
configure:6820: checking for intltool >= 0.35.0
configure:6827: result: 0.40.6 found
configure:6835: checking for intltool-update
configure:6853: found /usr/local/bin/intltool-update
configure:6865: result: /usr/local/bin/intltool-update
configure:6875: checking for intltool-merge
configure:6893: found /usr/local/bin/intltool-merge
configure:6905: result: /usr/local/bin/intltool-merge
configure:6915: checking for intltool-extract
configure:6933: found /usr/local/bin/intltool-extract
configure:6945: result: /usr/local/bin/intltool-extract
configure:7076: checking for xgettext
configure:7106: result: /usr/bin/xgettext
configure:7116: checking for msgmerge
configure:7134: found /usr/bin/msgmerge
configure:7146: result: /usr/bin/msgmerge
configure:7156: checking for msgfmt
configure:7186: result: /usr/bin/msgfmt
configure:7196: checking for gmsgfmt
configure:7227: result: /usr/bin/msgfmt
configure:7247: checking for perl
configure:7265: found /usr/bin/perl
configure:7277: result: /usr/bin/perl
configure:7288: checking for perl >= 5.8.1
configure:7295: result: 5.8.5
configure:7299: checking for XML::Parser
configure:7302: result: ok
configure:7383: checking build system type
configure:7397: result: x86_64-unknown-linux-gnu
configure:7417: checking host system type
configure:7430: result: x86_64-unknown-linux-gnu
configure:7450: checking for a sed that does not truncate output
configure:7514: result: /bin/sed
configure:7532: checking for fgrep
configure:7594: result: /bin/grep -F
configure:7629: checking for ld used by gcc
configure:7696: result: /usr/bin/ld
configure:7703: checking if the linker (/usr/bin/ld) is GNU ld
configure:7718: result: yes
configure:7730: checking for BSD- or MS-compatible name lister (nm)
configure:7779: result: /usr/bin/nm -B
configure:7897: checking the name lister (/usr/bin/nm -B) interface
configure:7904: gcc -c -g -O2  conftest.c >&5
configure:7907: /usr/bin/nm -B "conftest.o"
configure:7910: output
0000000000000000 B some_variable
configure:7917: result: BSD nm
configure:7921: checking the maximum length of command line arguments
configure:8041: result: 98304
configure:8058: checking whether the shell understands some XSI constructs
configure:8068: result: yes
configure:8072: checking whether the shell understands "+="
configure:8078: result: no
configure:8113: checking for /usr/bin/ld option to reload object files
configure:8120: result: -r
configure:8189: checking for objdump
configure:8205: found /usr/bin/objdump
configure:8216: result: objdump
configure:8248: checking how to recognize dependent libraries
configure:8444: result: pass_all
configure:8504: checking for ar
configure:8520: found /usr/bin/ar
configure:8531: result: ar
configure:8609: checking for strip
configure:8625: found /usr/bin/strip
configure:8636: result: strip
configure:8708: checking for ranlib
configure:8735: result: ranlib
configure:8825: checking command to parse /usr/bin/nm -B output from gcc object
configure:8943: gcc -c -g -O2  conftest.c >&5
configure:8946: $? = 0
configure:8950: /usr/bin/nm -B conftest.o \| sed -n -e 's/^.*[	 ]\([ABCDGIRSTW][ABCDGIRSTW]*\)[	 ][	 ]*\([_A-Za-z][_A-Za-z0-9]*\)$/\1 \2 \2/p' \> conftest.nm
configure:8953: $? = 0
configure:9007: gcc -o conftest -g -O2   conftest.c conftstm.o >&5
configure:9010: $? = 0
configure:9048: result: ok
configure:9143: gcc -c -g -O2  conftest.c >&5
configure:9146: $? = 0
configure:9853: checking for dlfcn.h
configure:9853: gcc -c -g -O2  conftest.c >&5
configure:9853: $? = 0
configure:9853: result: yes
configure:9978: checking for C++ compiler version
configure:9987: g++ --version >&5
g++ (GCC) 3.4.5 20051201 (Red Hat 3.4.5-2)
Copyright (C) 2004 Free Software Foundation, Inc.
This is free software; see the source for copying conditions.  There is NO
warranty; not even for MERCHANTABILITY or FITNESS FOR A PARTICULAR PURPOSE.

configure:9998: $? = 0
configure:9987: g++ -v >&5
Reading specs from /usr/lib/gcc/x86_64-redhat-linux/3.4.5/specs
Configured with: ../configure --prefix=/usr --mandir=/usr/share/man --infodir=/usr/share/info --enable-shared --enable-threads=posix --disable-checking --with-system-zlib --enable-__cxa_atexit --disable-libunwind-exceptions --enable-java-awt=gtk --host=x86_64-redhat-linux
Thread model: posix
gcc version 3.4.5 20051201 (Red Hat 3.4.5-2)
configure:9998: $? = 0
configure:9987: g++ -V >&5
g++: `-V' option must have argument
configure:9998: $? = 1
configure:9987: g++ -qversion >&5
g++: unrecognized option `-qversion'
g++: no input files
configure:9998: $? = 1
configure:10002: checking whether we are using the GNU C++ compiler
configure:10030: result: yes
configure:10039: checking whether g++ accepts -g
configure:10100: result: yes
configure:10125: checking dependency style of g++
configure:10235: result: gcc3
configure:10258: checking how to run the C++ preprocessor
configure:10285: g++ -E  conftest.cpp
configure:10285: $? = 0
configure:10299: g++ -E  conftest.cpp
conftest.cpp:46:28: ac_nonexistent.h: No such file or directory
configure:10299: $? = 1
configure: failed program was:
| /* confdefs.h */
| #define PACKAGE_NAME "mwget"
| #define PACKAGE_TARNAME "mwget"
| #define PACKAGE_VERSION "0.1.0"
| #define PACKAGE_STRING "mwget 0.1.0"
| #define PACKAGE_BUGREPORT "sa@kmlinux.tk"
| #define PACKAGE_URL ""
| #define PACKAGE "mwget"
| #define VERSION "0.1.0"
| #define STDC_HEADERS 1
| #define HAVE_SYS_TYPES_H 1
| #define HAVE_SYS_STAT_H 1
| #define HAVE_STDLIB_H 1
| #define HAVE_STRING_H 1
| #define HAVE_MEMORY_H 1
| #define HAVE_STRINGS_H 1
| #define HAVE_INTTYPES_H 1
| #define HAVE_STDINT_H 1
| #define HAVE_UNISTD_H 1
| #define SIZEOF_OFF_T 8
| #define HAVE_LIBPTHREAD 1
| #define HAVE_SSL /**/
| #define STDC_HEADERS 1
| #define HAVE_ARPA_INET_H 1
| #define HAVE_FCNTL_H 1
| #define HAVE_NETDB_H 1
| #define HAVE_STDLIB_H 1
| #define HAVE_STRINGS_H 1
| #define HAVE_SYS_IOCTL_H 1
| #define HAVE_SYS_SOCKET_H 1
| #define HAVE_SYS_TIME_H 1
| #define HAVE_TERMIOS_H 1
| #define HAVE_UNISTD_H 1
| #define HAVE__BOOL 1
| #define HAVE_STDBOOL_H 1
| #define TIME_WITH_SYS_TIME 1
| #define GETTEXT_PACKAGE "mwget"
| #define HAVE_LOCALE_H 1
| #define HAVE_LC_MESSAGES 1
| #define HAVE_BIND_TEXTDOMAIN_CODESET 1
| #define HAVE_GETTEXT 1
| #define HAVE_DCGETTEXT 1
| #define ENABLE_NLS 1
| #define HAVE_DLFCN_H 1
| /* end confdefs.h.  */
| #include <ac_nonexistent.h>
configure:10324: result: g++ -E
configure:10344: g++ -E  conftest.cpp
configure:10344: $? = 0
configure:10358: g++ -E  conftest.cpp
conftest.cpp:46:28: ac_nonexistent.h: No such file or directory
configure:10358: $? = 1
configure: failed program was:
| /* confdefs.h */
| #define PACKAGE_NAME "mwget"
| #define PACKAGE_TARNAME "mwget"
| #define PACKAGE_VERSION "0.1.0"
| #define PACKAGE_STRING "mwget 0.1.0"
| #define PACKAGE_BUGREPORT "sa@kmlinux.tk"
| #define PACKAGE_URL ""
| #define PACKAGE "mwget"
| #define VERSION "0.1.0"
| #define STDC_HEADERS 1
| #define HAVE_SYS_TYPES_H 1
| #define HAVE_SYS_STAT_H 1
| #define HAVE_STDLIB_H 1
| #define HAVE_STRING_H 1
| #define HAVE_MEMORY_H 1
| #define HAVE_STRINGS_H 1
| #define HAVE_INTTYPES_H 1
| #define HAVE_STDINT_H 1
| #define HAVE_UNISTD_H 1
| #define SIZEOF_OFF_T 8
| #define HAVE_LIBPTHREAD 1
| #define HAVE_SSL /**/
| #define STDC_HEADERS 1
| #define HAVE_ARPA_INET_H 1
| #define HAVE_FCNTL_H 1
| #define HAVE_NETDB_H 1
| #define HAVE_STDLIB_H 1
| #define HAVE_STRINGS_H 1
| #define HAVE_SYS_IOCTL_H 1
| #define HAVE_SYS_SOCKET_H 1
| #define HAVE_SYS_TIME_H 1
| #define HAVE_TERMIOS_H 1
| #define HAVE_UNISTD_H 1
| #define HAVE__BOOL 1
| #define HAVE_STDBOOL_H 1
| #define TIME_WITH_SYS_TIME 1
| #define GETTEXT_PACKAGE "mwget"
| #define HAVE_LOCALE_H 1
| #define HAVE_LC_MESSAGES 1
| #define HAVE_BIND_TEXTDOMAIN_CODESET 1
| #define HAVE_GETTEXT 1
| #define HAVE_DCGETTEXT 1
| #define ENABLE_NLS 1
| #define HAVE_DLFCN_H 1
| /* end confdefs.h.  */
| #include <ac_nonexistent.h>
configure:10564: checking for objdir
configure:10579: result: .libs
configure:10871: checking if gcc supports -fno-rtti -fno-exceptions
configure:10889: gcc -c -g -O2  -fno-rtti -fno-exceptions conftest.c >&5
cc1: warning: command line option "-fno-rtti" is valid for C++/ObjC++ but not for C
configure:10893: $? = 0
configure:10906: result: no
configure:10926: checking for gcc option to produce PIC
configure:11198: result: -fPIC -DPIC
configure:11210: checking if gcc PIC flag -fPIC -DPIC works
configure:11228: gcc -c -g -O2  -fPIC -DPIC -DPIC conftest.c >&5
configure:11232: $? = 0
configure:11245: result: yes
configure:11269: checking if gcc static flag -static works
configure:11297: result: yes
configure:11312: checking if gcc supports -c -o file.o
configure:11333: gcc -c -g -O2  -o out/conftest2.o conftest.c >&5
configure:11337: $? = 0
configure:11359: result: yes
configure:11367: checking if gcc supports -c -o file.o
configure:11414: result: yes
configure:11447: checking whether the gcc linker (/usr/bin/ld -m elf_x86_64) supports shared libraries
configure:12438: result: yes
configure:12475: checking whether -lc should be explicitly linked in
configure:12480: gcc -c -g -O2  conftest.c >&5
configure:12483: $? = 0
configure:12498: gcc -shared conftest.o  -v -Wl,-soname -Wl,conftest -o conftest 2\>\&1 \| /bin/grep  -lc  \>/dev/null 2\>\&1
configure:12501: $? = 0
configure:12513: result: no
configure:12677: checking dynamic linker characteristics
configure:13110: gcc -o conftest -g -O2   -Wl,-rpath -Wl,/foo conftest.c -lpthread  >&5
configure:13110: $? = 0
configure:13340: result: GNU/Linux ld.so
configure:13442: checking how to hardcode library paths into programs
configure:13467: result: immediate
configure:13987: checking whether stripping libraries is possible
configure:13992: result: yes
configure:14027: checking if libtool supports shared libraries
configure:14029: result: yes
configure:14032: checking whether to build shared libraries
configure:14053: result: yes
configure:14056: checking whether to build static libraries
configure:14060: result: yes
configure:14210: checking for ld used by g++
configure:14277: result: /usr/bin/ld -m elf_x86_64
configure:14284: checking if the linker (/usr/bin/ld -m elf_x86_64) is GNU ld
configure:14299: result: yes
configure:14354: checking whether the g++ linker (/usr/bin/ld -m elf_x86_64) supports shared libraries
configure:15267: result: yes
configure:15295: g++ -c -D_FILE_OFFSET_BITS=64  conftest.cpp >&5
configure:15298: $? = 0
configure:15480: checking for g++ option to produce PIC
configure:15797: result: -fPIC -DPIC
configure:15806: checking if g++ PIC flag -fPIC -DPIC works
configure:15824: g++ -c -D_FILE_OFFSET_BITS=64  -fPIC -DPIC -DPIC conftest.cpp >&5
configure:15828: $? = 0
configure:15841: result: yes
configure:15862: checking if g++ static flag -static works
configure:15890: result: yes
configure:15902: checking if g++ supports -c -o file.o
configure:15923: g++ -c -D_FILE_OFFSET_BITS=64  -o out/conftest2.o conftest.cpp >&5
configure:15927: $? = 0
configure:15949: result: yes
configure:15954: checking if g++ supports -c -o file.o
configure:16001: result: yes
configure:16031: checking whether the g++ linker (/usr/bin/ld -m elf_x86_64) supports shared libraries
configure:16060: result: yes
configure:16197: checking dynamic linker characteristics
configure:16578: g++ -o conftest -D_FILE_OFFSET_BITS=64   -Wl,-rpath -Wl,/foo conftest.cpp -lpthread  >&5
configure:16578: $? = 0
configure:16808: result: GNU/Linux ld.so
configure:16859: checking how to hardcode library paths into programs
configure:16884: result: immediate
configure:16945: checking whether gcc needs -traditional
configure:16979: result: no
configure:16986: checking for working memcmp
configure:17029: gcc -o conftest -g -O2   conftest.c -lpthread  >&5
configure:17029: $? = 0
configure:17029: ./conftest
configure:17029: $? = 0
configure:17039: result: yes
configure:17054: checking for sys/time.h
configure:17054: result: yes
configure:17054: checking for unistd.h
configure:17054: result: yes
configure:17075: checking for alarm
configure:17075: gcc -o conftest -g -O2   conftest.c -lpthread  >&5
configure:17075: $? = 0
configure:17075: result: yes
configure:17088: checking for working mktime
configure:17290: gcc -o conftest -g -O2   conftest.c -lpthread  >&5
configure:17290: $? = 0
configure:17290: ./conftest
configure:17290: $? = 0
configure:17300: result: yes
configure:17314: checking sys/select.h usability
configure:17314: gcc -c -g -O2  conftest.c >&5
configure:17314: $? = 0
configure:17314: result: yes
configure:17314: checking sys/select.h presence
configure:17314: gcc -E  conftest.c
configure:17314: $? = 0
configure:17314: result: yes
configure:17314: checking for sys/select.h
configure:17314: result: yes
configure:17314: checking for sys/socket.h
configure:17314: result: yes
configure:17324: checking types of arguments for select
configure:17352: gcc -c -g -O2  conftest.c >&5
configure:17352: $? = 0
configure:17363: result: int,fd_set *,struct timeval *
configure:17386: checking return type of signal handlers
configure:17404: gcc -c -g -O2  conftest.c >&5
conftest.c: In function `main':
conftest.c:61: error: void value not ignored as it ought to be
configure:17404: $? = 1
configure: failed program was:
| /* confdefs.h */
| #define PACKAGE_NAME "mwget"
| #define PACKAGE_TARNAME "mwget"
| #define PACKAGE_VERSION "0.1.0"
| #define PACKAGE_STRING "mwget 0.1.0"
| #define PACKAGE_BUGREPORT "sa@kmlinux.tk"
| #define PACKAGE_URL ""
| #define PACKAGE "mwget"
| #define VERSION "0.1.0"
| #define STDC_HEADERS 1
| #define HAVE_SYS_TYPES_H 1
| #define HAVE_SYS_STAT_H 1
| #define HAVE_STDLIB_H 1
| #define HAVE_STRING_H 1
| #define HAVE_MEMORY_H 1
| #define HAVE_STRINGS_H 1
| #define HAVE_INTTYPES_H 1
| #define HAVE_STDINT_H 1
| #define HAVE_UNISTD_H 1
| #define SIZEOF_OFF_T 8
| #define HAVE_LIBPTHREAD 1
| #define HAVE_SSL /**/
| #define STDC_HEADERS 1
| #define HAVE_ARPA_INET_H 1
| #define HAVE_FCNTL_H 1
| #define HAVE_NETDB_H 1
| #define HAVE_STDLIB_H 1
| #define HAVE_STRINGS_H 1
| #define HAVE_SYS_IOCTL_H 1
| #define HAVE_SYS_SOCKET_H 1
| #define HAVE_SYS_TIME_H 1
| #define HAVE_TERMIOS_H 1
| #define HAVE_UNISTD_H 1
| #define HAVE__BOOL 1
| #define HAVE_STDBOOL_H 1
| #define TIME_WITH_SYS_TIME 1
| #define GETTEXT_PACKAGE "mwget"
| #define HAVE_LOCALE_H 1
| #define HAVE_LC_MESSAGES 1
| #define HAVE_BIND_TEXTDOMAIN_CODESET 1
| #define HAVE_GETTEXT 1
| #define HAVE_DCGETTEXT 1
| #define ENABLE_NLS 1
| #define HAVE_DLFCN_H 1
| #define LT_OBJDIR ".libs/"
| #define HAVE_SYS_TIME_H 1
| #define HAVE_UNISTD_H 1
| #define HAVE_ALARM 1
| #define HAVE_SYS_SELECT_H 1
| #define HAVE_SYS_SOCKET_H 1
| #define SELECT_TYPE_ARG1 int
| #define SELECT_TYPE_ARG234 (fd_set *)
| #define SELECT_TYPE_ARG5 (struct timeval *)
| /* end confdefs.h.  */
| #include <sys/types.h>
| #include <signal.h>
| 
| int
| main ()
| {
| return *(signal (0, 0)) (0) == 1;
|   ;
|   return 0;
| }
configure:17411: result: void
configure:17419: checking whether lstat correctly handles trailing slash
configure:17445: gcc -o conftest -g -O2   conftest.c -lpthread  >&5
configure:17445: $? = 0
configure:17445: ./conftest
configure:17445: $? = 0
configure:17462: result: yes
configure:17481: checking whether stat accepts an empty string
configure:17501: gcc -o conftest -g -O2   conftest.c -lpthread  >&5
configure:17501: $? = 0
configure:17501: ./conftest
configure:17501: $? = 0
configure:17511: result: no
configure:17529: checking for vprintf
configure:17529: gcc -o conftest -g -O2   conftest.c -lpthread  >&5
conftest.c:80: warning: conflicting types for built-in function 'vprintf'
configure:17529: $? = 0
configure:17529: result: yes
configure:17535: checking for _doprnt
configure:17535: gcc -o conftest -g -O2   conftest.c -lpthread  >&5
/tmp/ccaYgGpS.o(.text+0x7): In function `main':
/home/work/xuchao08/wikidata/wgetWikidataTest/temp/mwget_0.1.0.orig/conftest.c:92: undefined reference to `_doprnt'
collect2: ld returned 1 exit status
configure:17535: $? = 1
configure: failed program was:
| /* confdefs.h */
| #define PACKAGE_NAME "mwget"
| #define PACKAGE_TARNAME "mwget"
| #define PACKAGE_VERSION "0.1.0"
| #define PACKAGE_STRING "mwget 0.1.0"
| #define PACKAGE_BUGREPORT "sa@kmlinux.tk"
| #define PACKAGE_URL ""
| #define PACKAGE "mwget"
| #define VERSION "0.1.0"
| #define STDC_HEADERS 1
| #define HAVE_SYS_TYPES_H 1
| #define HAVE_SYS_STAT_H 1
| #define HAVE_STDLIB_H 1
| #define HAVE_STRING_H 1
| #define HAVE_MEMORY_H 1
| #define HAVE_STRINGS_H 1
| #define HAVE_INTTYPES_H 1
| #define HAVE_STDINT_H 1
| #define HAVE_UNISTD_H 1
| #define SIZEOF_OFF_T 8
| #define HAVE_LIBPTHREAD 1
| #define HAVE_SSL /**/
| #define STDC_HEADERS 1
| #define HAVE_ARPA_INET_H 1
| #define HAVE_FCNTL_H 1
| #define HAVE_NETDB_H 1
| #define HAVE_STDLIB_H 1
| #define HAVE_STRINGS_H 1
| #define HAVE_SYS_IOCTL_H 1
| #define HAVE_SYS_SOCKET_H 1
| #define HAVE_SYS_TIME_H 1
| #define HAVE_TERMIOS_H 1
| #define HAVE_UNISTD_H 1
| #define HAVE__BOOL 1
| #define HAVE_STDBOOL_H 1
| #define TIME_WITH_SYS_TIME 1
| #define GETTEXT_PACKAGE "mwget"
| #define HAVE_LOCALE_H 1
| #define HAVE_LC_MESSAGES 1
| #define HAVE_BIND_TEXTDOMAIN_CODESET 1
| #define HAVE_GETTEXT 1
| #define HAVE_DCGETTEXT 1
| #define ENABLE_NLS 1
| #define HAVE_DLFCN_H 1
| #define LT_OBJDIR ".libs/"
| #define HAVE_SYS_TIME_H 1
| #define HAVE_UNISTD_H 1
| #define HAVE_ALARM 1
| #define HAVE_SYS_SELECT_H 1
| #define HAVE_SYS_SOCKET_H 1
| #define SELECT_TYPE_ARG1 int
| #define SELECT_TYPE_ARG234 (fd_set *)
| #define SELECT_TYPE_ARG5 (struct timeval *)
| #define RETSIGTYPE void
| #define LSTAT_FOLLOWS_SLASHED_SYMLINK 1
| #define HAVE_VPRINTF 1
| /* end confdefs.h.  */
| /* Define _doprnt to an innocuous variant, in case <limits.h> declares _doprnt.
|    For example, HP-UX 11i <limits.h> declares gettimeofday.  */
| #define _doprnt innocuous__doprnt
| 
| /* System header to define __stub macros and hopefully few prototypes,
|     which can conflict with char _doprnt (); below.
|     Prefer <limits.h> to <assert.h> if __STDC__ is defined, since
|     <limits.h> exists even on freestanding compilers.  */
| 
| #ifdef __STDC__
| # include <limits.h>
| #else
| # include <assert.h>
| #endif
| 
| #undef _doprnt
| 
| /* Override any GCC internal prototype to avoid an error.
|    Use char because int might match the return type of a GCC
|    builtin and then its argument prototype would still apply.  */
| #ifdef __cplusplus
| extern "C"
| #endif
| char _doprnt ();
| /* The GNU C library defines this for functions which it implements
|     to always fail with ENOSYS.  Some functions are actually named
|     something starting with __ and the normal name is an alias.  */
| #if defined __stub__doprnt || defined __stub____doprnt
| choke me
| #endif
| 
| int
| main ()
| {
| return _doprnt ();
|   ;
|   return 0;
| }
configure:17535: result: no
configure:17549: checking for bzero
configure:17549: gcc -o conftest -g -O2   conftest.c -lpthread  >&5
conftest.c:81: warning: conflicting types for built-in function 'bzero'
configure:17549: $? = 0
configure:17549: result: yes
configure:17549: checking for ftruncate
configure:17549: gcc -o conftest -g -O2   conftest.c -lpthread  >&5
configure:17549: $? = 0
configure:17549: result: yes
configure:17549: checking for gettimeofday
configure:17549: gcc -o conftest -g -O2   conftest.c -lpthread  >&5
configure:17549: $? = 0
configure:17549: result: yes
configure:17549: checking for memmove
configure:17549: gcc -o conftest -g -O2   conftest.c -lpthread  >&5
conftest.c:84: warning: conflicting types for built-in function 'memmove'
configure:17549: $? = 0
configure:17549: result: yes
configure:17549: checking for mkdir
configure:17549: gcc -o conftest -g -O2   conftest.c -lpthread  >&5
configure:17549: $? = 0
configure:17549: result: yes
configure:17549: checking for select
configure:17549: gcc -o conftest -g -O2   conftest.c -lpthread  >&5
configure:17549: $? = 0
configure:17549: result: yes
configure:17549: checking for socket
configure:17549: gcc -o conftest -g -O2   conftest.c -lpthread  >&5
configure:17549: $? = 0
configure:17549: result: yes
configure:17549: checking for strcasecmp
configure:17549: gcc -o conftest -g -O2   conftest.c -lpthread  >&5
configure:17549: $? = 0
configure:17549: result: yes
configure:17549: checking for strncasecmp
configure:17549: gcc -o conftest -g -O2   conftest.c -lpthread  >&5
configure:17549: $? = 0
configure:17549: result: yes
configure:17549: checking for strrchr
configure:17549: gcc -o conftest -g -O2   conftest.c -lpthread  >&5
conftest.c:90: warning: conflicting types for built-in function 'strrchr'
configure:17549: $? = 0
configure:17549: result: yes
configure:17549: checking for strstr
configure:17549: gcc -o conftest -g -O2   conftest.c -lpthread  >&5
conftest.c:91: warning: conflicting types for built-in function 'strstr'
configure:17549: $? = 0
configure:17549: result: yes
configure:17709: creating ./config.status

## ---------------------- ##
## Running config.status. ##
## ---------------------- ##

This file was extended by mwget config.status 0.1.0, which was
generated by GNU Autoconf 2.67.  Invocation command line was

  CONFIG_FILES    = 
  CONFIG_HEADERS  = 
  CONFIG_LINKS    = 
  CONFIG_COMMANDS = 
  $ ./config.status 

on yq01-kg-baike.yq01.baidu.com

config.status:1248: creating Makefile
config.status:1248: creating po/Makefile.in
config.status:1248: creating src/Makefile
config.status:1248: creating config.h
config.status:1428: config.h is unchanged
config.status:1476: executing depfiles commands
config.status:1476: executing default-1 commands
config.status:1476: executing libtool commands
config.status:1476: executing po/stamp-it commands

## ---------------- ##
## Cache variables. ##
## ---------------- ##

ac_cv_build=x86_64-unknown-linux-gnu
ac_cv_c_compiler_gnu=yes
ac_cv_c_const=yes
ac_cv_cxx_compiler_gnu=yes
ac_cv_env_CCC_set=
ac_cv_env_CCC_value=
ac_cv_env_CC_set=
ac_cv_env_CC_value=
ac_cv_env_CFLAGS_set=
ac_cv_env_CFLAGS_value=
ac_cv_env_CPPFLAGS_set=
ac_cv_env_CPPFLAGS_value=
ac_cv_env_CPP_set=
ac_cv_env_CPP_value=
ac_cv_env_CXXCPP_set=
ac_cv_env_CXXCPP_value=
ac_cv_env_CXXFLAGS_set=
ac_cv_env_CXXFLAGS_value=
ac_cv_env_CXX_set=
ac_cv_env_CXX_value=
ac_cv_env_LDFLAGS_set=
ac_cv_env_LDFLAGS_value=
ac_cv_env_LIBS_set=
ac_cv_env_LIBS_value=
ac_cv_env_OPENSSL_CFLAGS_set=
ac_cv_env_OPENSSL_CFLAGS_value=
ac_cv_env_OPENSSL_LIBS_set=
ac_cv_env_OPENSSL_LIBS_value=
ac_cv_env_PKG_CONFIG_LIBDIR_set=
ac_cv_env_PKG_CONFIG_LIBDIR_value=
ac_cv_env_PKG_CONFIG_PATH_set=
ac_cv_env_PKG_CONFIG_PATH_value=
ac_cv_env_PKG_CONFIG_set=
ac_cv_env_PKG_CONFIG_value=
ac_cv_env_build_alias_set=
ac_cv_env_build_alias_value=
ac_cv_env_host_alias_set=
ac_cv_env_host_alias_value=
ac_cv_env_target_alias_set=
ac_cv_env_target_alias_value=
ac_cv_func__doprnt=no
ac_cv_func_alarm=yes
ac_cv_func_bind_textdomain_codeset=yes
ac_cv_func_bzero=yes
ac_cv_func_dcgettext=yes
ac_cv_func_ftruncate=yes
ac_cv_func_gettimeofday=yes
ac_cv_func_lstat_dereferences_slashed_symlink=yes
ac_cv_func_memcmp_working=yes
ac_cv_func_memmove=yes
ac_cv_func_mkdir=yes
ac_cv_func_select=yes
ac_cv_func_select_args='int,fd_set *,struct timeval *'
ac_cv_func_socket=yes
ac_cv_func_stat_empty_string_bug=no
ac_cv_func_strcasecmp=yes
ac_cv_func_strncasecmp=yes
ac_cv_func_strrchr=yes
ac_cv_func_strstr=yes
ac_cv_func_vprintf=yes
ac_cv_func_working_mktime=yes
ac_cv_header_arpa_inet_h=yes
ac_cv_header_dlfcn_h=yes
ac_cv_header_fcntl_h=yes
ac_cv_header_inttypes_h=yes
ac_cv_header_libintl_h=yes
ac_cv_header_locale_h=yes
ac_cv_header_memory_h=yes
ac_cv_header_netdb_h=yes
ac_cv_header_stdbool_h=yes
ac_cv_header_stdc=yes
ac_cv_header_stdint_h=yes
ac_cv_header_stdlib_h=yes
ac_cv_header_string_h=yes
ac_cv_header_strings_h=yes
ac_cv_header_sys_ioctl_h=yes
ac_cv_header_sys_select_h=yes
ac_cv_header_sys_socket_h=yes
ac_cv_header_sys_stat_h=yes
ac_cv_header_sys_time_h=yes
ac_cv_header_sys_types_h=yes
ac_cv_header_termios_h=yes
ac_cv_header_time=yes
ac_cv_header_unistd_h=yes
ac_cv_host=x86_64-unknown-linux-gnu
ac_cv_lib_pthread_pthread_create=yes
ac_cv_objext=o
ac_cv_path_EGREP='/bin/grep -E'
ac_cv_path_FGREP='/bin/grep -F'
ac_cv_path_GMSGFMT=/usr/bin/msgfmt
ac_cv_path_GREP=/bin/grep
ac_cv_path_INTLTOOL_EXTRACT=/usr/local/bin/intltool-extract
ac_cv_path_INTLTOOL_MERGE=/usr/local/bin/intltool-merge
ac_cv_path_INTLTOOL_PERL=/usr/bin/perl
ac_cv_path_INTLTOOL_UPDATE=/usr/local/bin/intltool-update
ac_cv_path_MSGFMT=/usr/bin/msgfmt
ac_cv_path_MSGMERGE=/usr/bin/msgmerge
ac_cv_path_SED=/bin/sed
ac_cv_path_XGETTEXT=/usr/bin/xgettext
ac_cv_path_ac_pt_PKG_CONFIG=/usr/bin/pkg-config
ac_cv_path_install='/usr/bin/install -c'
ac_cv_path_mkdir=/bin/mkdir
ac_cv_prog_AWK=gawk
ac_cv_prog_CPP='gcc -E'
ac_cv_prog_CXXCPP='g++ -E'
ac_cv_prog_ac_ct_AR=ar
ac_cv_prog_ac_ct_CC=gcc
ac_cv_prog_ac_ct_CXX=g++
ac_cv_prog_ac_ct_OBJDUMP=objdump
ac_cv_prog_ac_ct_RANLIB=ranlib
ac_cv_prog_ac_ct_STRIP=strip
ac_cv_prog_cc_c89=
ac_cv_prog_cc_g=yes
ac_cv_prog_cxx_g=yes
ac_cv_prog_gcc_traditional=no
ac_cv_prog_make_make_set=yes
ac_cv_sizeof_off_t=8
ac_cv_struct_tm=time.h
ac_cv_sys_file_offset_bits=no
ac_cv_sys_largefile_CC=no
ac_cv_type__Bool=yes
ac_cv_type_mode_t=yes
ac_cv_type_off_t=yes
ac_cv_type_signal=void
am_cv_CC_dependencies_compiler_type=gcc3
am_cv_CXX_dependencies_compiler_type=gcc3
am_cv_val_LC_MESSAGES=yes
gt_cv_func_dgettext_libc=yes
gt_cv_func_dgettext_libintl=no
gt_cv_func_ngettext_libc=yes
gt_cv_have_gettext=yes
lt_cv_deplibs_check_method=pass_all
lt_cv_file_magic_cmd='$MAGIC_CMD'
lt_cv_file_magic_test_file=
lt_cv_ld_reload_flag=-r
lt_cv_nm_interface='BSD nm'
lt_cv_objdir=.libs
lt_cv_path_LD=/usr/bin/ld
lt_cv_path_LDCXX='/usr/bin/ld -m elf_x86_64'
lt_cv_path_NM='/usr/bin/nm -B'
lt_cv_prog_compiler_c_o=yes
lt_cv_prog_compiler_c_o_CXX=yes
lt_cv_prog_compiler_pic_works=yes
lt_cv_prog_compiler_pic_works_CXX=yes
lt_cv_prog_compiler_rtti_exceptions=no
lt_cv_prog_compiler_static_works=yes
lt_cv_prog_compiler_static_works_CXX=yes
lt_cv_prog_gnu_ld=yes
lt_cv_prog_gnu_ldcxx=yes
lt_cv_sys_global_symbol_pipe='sed -n -e '\''s/^.*[	 ]\([ABCDGIRSTW][ABCDGIRSTW]*\)[	 ][	 ]*\([_A-Za-z][_A-Za-z0-9]*\)$/\1 \2 \2/p'\'''
lt_cv_sys_global_symbol_to_c_name_address='sed -n -e '\''s/^: \([^ ]*\) $/  {\"\1\", (void *) 0},/p'\'' -e '\''s/^[ABCDGIRSTW]* \([^ ]*\) \([^ ]*\)$/  {"\2", (void *) \&\2},/p'\'''
lt_cv_sys_global_symbol_to_c_name_address_lib_prefix='sed -n -e '\''s/^: \([^ ]*\) $/  {\"\1\", (void *) 0},/p'\'' -e '\''s/^[ABCDGIRSTW]* \([^ ]*\) \(lib[^ ]*\)$/  {"\2", (void *) \&\2},/p'\'' -e '\''s/^[ABCDGIRSTW]* \([^ ]*\) \([^ ]*\)$/  {"lib\2", (void *) \&\2},/p'\'''
lt_cv_sys_global_symbol_to_cdecl='sed -n -e '\''s/^T .* \(.*\)$/extern int \1();/p'\'' -e '\''s/^[ABCDGIRSTW]* .* \(.*\)$/extern char \1;/p'\'''
lt_cv_sys_max_cmd_len=98304
pkg_cv_OPENSSL_CFLAGS='-I/usr/kerberos/include  '
pkg_cv_OPENSSL_LIBS='-L/usr/kerberos/lib -L/usr/kerberos/lib64 -lssl -lcrypto -lgssapi_krb5 -lkrb5 -lcom_err -lk5crypto -lresolv -ldl -lz  '

## ----------------- ##
## Output variables. ##
## ----------------- ##

ACLOCAL='${SHELL} /home/work/xuchao08/wikidata/wgetWikidataTest/temp/mwget_0.1.0.orig/missing --run aclocal-1.11'
ALL_LINGUAS=''
AMDEPBACKSLASH='\'
AMDEP_FALSE='#'
AMDEP_TRUE=''
AMTAR='${SHELL} /home/work/xuchao08/wikidata/wgetWikidataTest/temp/mwget_0.1.0.orig/missing --run tar'
AR='ar'
AUTOCONF='${SHELL} /home/work/xuchao08/wikidata/wgetWikidataTest/temp/mwget_0.1.0.orig/missing --run autoconf'
AUTOHEADER='${SHELL} /home/work/xuchao08/wikidata/wgetWikidataTest/temp/mwget_0.1.0.orig/missing --run autoheader'
AUTOMAKE='${SHELL} /home/work/xuchao08/wikidata/wgetWikidataTest/temp/mwget_0.1.0.orig/missing --run automake-1.11'
AWK='gawk'
CATALOGS=''
CATOBJEXT='.gmo'
CC='gcc'
CCDEPMODE='depmode=gcc3'
CFLAGS='-g -O2'
CPP='gcc -E'
CPPFLAGS=''
CXX='g++'
CXXCPP='g++ -E'
CXXDEPMODE='depmode=gcc3'
CXXFLAGS='-D_FILE_OFFSET_BITS=64'
CYGPATH_W='echo'
DATADIRNAME='share'
DEFS='-DHAVE_CONFIG_H'
DEPDIR='.deps'
DSYMUTIL=''
DUMPBIN=''
ECHO_C=''
ECHO_N='-n'
ECHO_T=''
EGREP='/bin/grep -E'
EXEEXT=''
FGREP='/bin/grep -F'
GETTEXT_PACKAGE='mwget'
GMOFILES=''
GMSGFMT='/usr/bin/msgfmt'
GREP='/bin/grep'
INSTALL_DATA='${INSTALL} -m 644'
INSTALL_PROGRAM='${INSTALL}'
INSTALL_SCRIPT='${INSTALL}'
INSTALL_STRIP_PROGRAM='$(install_sh) -c -s'
INSTOBJEXT='.mo'
INTLLIBS=''
INTLTOOL_CAVES_RULE='%.caves:     %.caves.in     $(INTLTOOL_MERGE) $(wildcard $(top_srcdir)/po/*.po) ; LC_ALL=C $(INTLTOOL_MERGE) -d -u -c $(top_builddir)/po/.intltool-merge-cache $(top_srcdir)/po $< $@'
INTLTOOL_DESKTOP_RULE='%.desktop:   %.desktop.in   $(INTLTOOL_MERGE) $(wildcard $(top_srcdir)/po/*.po) ; LC_ALL=C $(INTLTOOL_MERGE) -d -u -c $(top_builddir)/po/.intltool-merge-cache $(top_srcdir)/po $< $@'
INTLTOOL_DIRECTORY_RULE='%.directory: %.directory.in $(INTLTOOL_MERGE) $(wildcard $(top_srcdir)/po/*.po) ; LC_ALL=C $(INTLTOOL_MERGE) -d -u -c $(top_builddir)/po/.intltool-merge-cache $(top_srcdir)/po $< $@'
INTLTOOL_EXTRACT='/usr/local/bin/intltool-extract'
INTLTOOL_KBD_RULE='%.kbd:       %.kbd.in       $(INTLTOOL_MERGE) $(wildcard $(top_srcdir)/po/*.po) ; LC_ALL=C $(INTLTOOL_MERGE) -x -u -m -c $(top_builddir)/po/.intltool-merge-cache $(top_srcdir)/po $< $@'
INTLTOOL_KEYS_RULE='%.keys:      %.keys.in      $(INTLTOOL_MERGE) $(wildcard $(top_srcdir)/po/*.po) ; LC_ALL=C $(INTLTOOL_MERGE) -k -u -c $(top_builddir)/po/.intltool-merge-cache $(top_srcdir)/po $< $@'
INTLTOOL_MERGE='/usr/local/bin/intltool-merge'
INTLTOOL_OAF_RULE='%.oaf:       %.oaf.in       $(INTLTOOL_MERGE) $(wildcard $(top_srcdir)/po/*.po) ; LC_ALL=C $(INTLTOOL_MERGE) -o -p $(top_srcdir)/po $< $@'
INTLTOOL_PERL='/usr/bin/perl'
INTLTOOL_POLICY_RULE='%.policy:    %.policy.in    $(INTLTOOL_MERGE) $(wildcard $(top_srcdir)/po/*.po) ; LC_ALL=C $(INTLTOOL_MERGE) -x -u -c $(top_builddir)/po/.intltool-merge-cache $(top_srcdir)/po $< $@'
INTLTOOL_PONG_RULE='%.pong:      %.pong.in      $(INTLTOOL_MERGE) $(wildcard $(top_srcdir)/po/*.po) ; LC_ALL=C $(INTLTOOL_MERGE) -x -u -c $(top_builddir)/po/.intltool-merge-cache $(top_srcdir)/po $< $@'
INTLTOOL_PROP_RULE='%.prop:      %.prop.in      $(INTLTOOL_MERGE) $(wildcard $(top_srcdir)/po/*.po) ; LC_ALL=C $(INTLTOOL_MERGE) -d -u -c $(top_builddir)/po/.intltool-merge-cache $(top_srcdir)/po $< $@'
INTLTOOL_SCHEMAS_RULE='%.schemas:   %.schemas.in   $(INTLTOOL_MERGE) $(wildcard $(top_srcdir)/po/*.po) ; LC_ALL=C $(INTLTOOL_MERGE) -s -u -c $(top_builddir)/po/.intltool-merge-cache $(top_srcdir)/po $< $@'
INTLTOOL_SERVER_RULE='%.server:    %.server.in    $(INTLTOOL_MERGE) $(wildcard $(top_srcdir)/po/*.po) ; LC_ALL=C $(INTLTOOL_MERGE) -o -u -c $(top_builddir)/po/.intltool-merge-cache $(top_srcdir)/po $< $@'
INTLTOOL_SERVICE_RULE='%.service: %.service.in   $(INTLTOOL_MERGE) $(wildcard $(top_srcdir)/po/*.po) ; LC_ALL=C $(INTLTOOL_MERGE) -d -u -c $(top_builddir)/po/.intltool-merge-cache $(top_srcdir)/po $< $@'
INTLTOOL_SHEET_RULE='%.sheet:     %.sheet.in     $(INTLTOOL_MERGE) $(wildcard $(top_srcdir)/po/*.po) ; LC_ALL=C $(INTLTOOL_MERGE) -x -u -c $(top_builddir)/po/.intltool-merge-cache $(top_srcdir)/po $< $@'
INTLTOOL_SOUNDLIST_RULE='%.soundlist: %.soundlist.in $(INTLTOOL_MERGE) $(wildcard $(top_srcdir)/po/*.po) ; LC_ALL=C $(INTLTOOL_MERGE) -d -u -c $(top_builddir)/po/.intltool-merge-cache $(top_srcdir)/po $< $@'
INTLTOOL_THEME_RULE='%.theme:     %.theme.in     $(INTLTOOL_MERGE) $(wildcard $(top_srcdir)/po/*.po) ; LC_ALL=C $(INTLTOOL_MERGE) -d -u -c $(top_builddir)/po/.intltool-merge-cache $(top_srcdir)/po $< $@'
INTLTOOL_UI_RULE='%.ui:        %.ui.in        $(INTLTOOL_MERGE) $(wildcard $(top_srcdir)/po/*.po) ; LC_ALL=C $(INTLTOOL_MERGE) -x -u -c $(top_builddir)/po/.intltool-merge-cache $(top_srcdir)/po $< $@'
INTLTOOL_UPDATE='/usr/local/bin/intltool-update'
INTLTOOL_XAM_RULE='%.xam:       %.xml.in       $(INTLTOOL_MERGE) $(wildcard $(top_srcdir)/po/*.po) ; LC_ALL=C $(INTLTOOL_MERGE) -x -u -c $(top_builddir)/po/.intltool-merge-cache $(top_srcdir)/po $< $@'
INTLTOOL_XML_NOMERGE_RULE='%.xml:       %.xml.in       $(INTLTOOL_MERGE) ; LC_ALL=C $(INTLTOOL_MERGE) -x -u /tmp $< $@'
INTLTOOL_XML_RULE='%.xml:       %.xml.in       $(INTLTOOL_MERGE) $(wildcard $(top_srcdir)/po/*.po) ; LC_ALL=C $(INTLTOOL_MERGE) -x -u -c $(top_builddir)/po/.intltool-merge-cache $(top_srcdir)/po $< $@'
LD='/usr/bin/ld -m elf_x86_64'
LDFLAGS=''
LIBOBJS=''
LIBS='-lpthread '
LIBTOOL='$(SHELL) $(top_builddir)/libtool'
LIPO=''
LN_S='ln -s'
LTLIBOBJS=''
MAINT='#'
MAINTAINER_MODE_FALSE=''
MAINTAINER_MODE_TRUE='#'
MAKEINFO='${SHELL} /home/work/xuchao08/wikidata/wgetWikidataTest/temp/mwget_0.1.0.orig/missing --run makeinfo'
MKDIR_P='/bin/mkdir -p'
MKINSTALLDIRS='./mkinstalldirs'
MSGFMT='/usr/bin/msgfmt'
MSGFMT_OPTS='-c'
MSGMERGE='/usr/bin/msgmerge'
NM='/usr/bin/nm -B'
NMEDIT=''
OBJDUMP='objdump'
OBJEXT='o'
OPENSSL_CFLAGS='-I/usr/kerberos/include  '
OPENSSL_LIBS='-L/usr/kerberos/lib -L/usr/kerberos/lib64 -lssl -lcrypto -lgssapi_krb5 -lkrb5 -lcom_err -lk5crypto -lresolv -ldl -lz  '
OTOOL64=''
OTOOL=''
PACKAGE='mwget'
PACKAGE_BUGREPORT='sa@kmlinux.tk'
PACKAGE_NAME='mwget'
PACKAGE_STRING='mwget 0.1.0'
PACKAGE_TARNAME='mwget'
PACKAGE_URL=''
PACKAGE_VERSION='0.1.0'
PATH_SEPARATOR=':'
PKG_CONFIG='/usr/bin/pkg-config'
PKG_CONFIG_LIBDIR=''
PKG_CONFIG_PATH=''
POFILES=''
POSUB='po'
PO_IN_DATADIR_FALSE=''
PO_IN_DATADIR_TRUE=''
RANLIB='ranlib'
SED='/bin/sed'
SET_MAKE=''
SHELL='/bin/sh'
STRIP='strip'
USE_NLS='yes'
VERSION='0.1.0'
XGETTEXT='/usr/bin/xgettext'
ac_ct_CC='gcc'
ac_ct_CXX='g++'
ac_ct_DUMPBIN=''
am__EXEEXT_FALSE=''
am__EXEEXT_TRUE='#'
am__fastdepCC_FALSE='#'
am__fastdepCC_TRUE=''
am__fastdepCXX_FALSE='#'
am__fastdepCXX_TRUE=''
am__include='include'
am__isrc=''
am__leading_dot='.'
am__quote=''
am__tar='${AMTAR} chof - "$$tardir"'
am__untar='${AMTAR} xf -'
bindir='${exec_prefix}/bin'
build='x86_64-unknown-linux-gnu'
build_alias=''
build_cpu='x86_64'
build_os='linux-gnu'
build_vendor='unknown'
datadir='${datarootdir}'
datarootdir='${prefix}/share'
docdir='${datarootdir}/doc/${PACKAGE_TARNAME}'
dvidir='${docdir}'
exec_prefix='${prefix}'
host='x86_64-unknown-linux-gnu'
host_alias=''
host_cpu='x86_64'
host_os='linux-gnu'
host_vendor='unknown'
htmldir='${docdir}'
includedir='${prefix}/include'
infodir='${datarootdir}/info'
install_sh='${SHELL} /home/work/xuchao08/wikidata/wgetWikidataTest/temp/mwget_0.1.0.orig/install-sh'
libdir='${exec_prefix}/lib'
libexecdir='${exec_prefix}/libexec'
localedir='${datarootdir}/locale'
localstatedir='${prefix}/var'
lt_ECHO='echo'
mandir='${datarootdir}/man'
mkdir_p='/bin/mkdir -p'
oldincludedir='/usr/include'
pdfdir='${docdir}'
prefix='/usr/local'
program_transform_name='s,x,x,'
psdir='${docdir}'
sbindir='${exec_prefix}/sbin'
sharedstatedir='${prefix}/com'
sysconfdir='${prefix}/etc'
target_alias=''

## ----------- ##
## confdefs.h. ##
## ----------- ##

/* confdefs.h */
#define PACKAGE_NAME "mwget"
#define PACKAGE_TARNAME "mwget"
#define PACKAGE_VERSION "0.1.0"
#define PACKAGE_STRING "mwget 0.1.0"
#define PACKAGE_BUGREPORT "sa@kmlinux.tk"
#define PACKAGE_URL ""
#define PACKAGE "mwget"
#define VERSION "0.1.0"
#define STDC_HEADERS 1
#define HAVE_SYS_TYPES_H 1
#define HAVE_SYS_STAT_H 1
#define HAVE_STDLIB_H 1
#define HAVE_STRING_H 1
#define HAVE_MEMORY_H 1
#define HAVE_STRINGS_H 1
#define HAVE_INTTYPES_H 1
#define HAVE_STDINT_H 1
#define HAVE_UNISTD_H 1
#define SIZEOF_OFF_T 8
#define HAVE_LIBPTHREAD 1
#define HAVE_SSL /**/
#define STDC_HEADERS 1
#define HAVE_ARPA_INET_H 1
#define HAVE_FCNTL_H 1
#define HAVE_NETDB_H 1
#define HAVE_STDLIB_H 1
#define HAVE_STRINGS_H 1
#define HAVE_SYS_IOCTL_H 1
#define HAVE_SYS_SOCKET_H 1
#define HAVE_SYS_TIME_H 1
#define HAVE_TERMIOS_H 1
#define HAVE_UNISTD_H 1
#define HAVE__BOOL 1
#define HAVE_STDBOOL_H 1
#define TIME_WITH_SYS_TIME 1
#define GETTEXT_PACKAGE "mwget"
#define HAVE_LOCALE_H 1
#define HAVE_LC_MESSAGES 1
#define HAVE_BIND_TEXTDOMAIN_CODESET 1
#define HAVE_GETTEXT 1
#define HAVE_DCGETTEXT 1
#define ENABLE_NLS 1
#define HAVE_DLFCN_H 1
#define LT_OBJDIR ".libs/"
#define HAVE_SYS_TIME_H 1
#define HAVE_UNISTD_H 1
#define HAVE_ALARM 1
#define HAVE_SYS_SELECT_H 1
#define HAVE_SYS_SOCKET_H 1
#define SELECT_TYPE_ARG1 int
#define SELECT_TYPE_ARG234 (fd_set *)
#define SELECT_TYPE_ARG5 (struct timeval *)
#define RETSIGTYPE void
#define LSTAT_FOLLOWS_SLASHED_SYMLINK 1
#define HAVE_VPRINTF 1
#define HAVE_BZERO 1
#define HAVE_FTRUNCATE 1
#define HAVE_GETTIMEOFDAY 1
#define HAVE_MEMMOVE 1
#define HAVE_MKDIR 1
#define HAVE_SELECT 1
#define HAVE_SOCKET 1
#define HAVE_STRCASECMP 1
#define HAVE_STRNCASECMP 1
#define HAVE_STRRCHR 1
#define HAVE_STRSTR 1

configure: exit 0
